2020-11-10 00:24:41,097 - load_items.handle - DEBUG - Создан товар Артикул ПТ18 | Название: Fallon
2020-11-10 00:24:41,207 - load_items.handle - DEBUG - Создан товар Артикул ПТ19 | Название: Andrew
2020-11-10 00:24:41,320 - load_items.handle - DEBUG - Создан товар Артикул ПТ20 | Название: Zia
2020-11-10 00:24:41,437 - load_items.handle - DEBUG - Создан товар Артикул ПТ21 | Название: Silas
2020-11-10 00:24:41,563 - load_items.handle - DEBUG - Создан товар Артикул ПТ22 | Название: Alden
2020-11-10 00:24:41,669 - load_items.handle - DEBUG - Создан товар Артикул ПТ23 | Название: Jada
2020-11-10 00:24:41,803 - load_items.handle - DEBUG - Создан товар Артикул ПТ24 | Название: Ulric
2020-11-10 00:24:41,918 - load_items.handle - DEBUG - Создан товар Артикул ПТ25 | Название: Leroy
2020-11-10 00:24:42,027 - load_items.handle - DEBUG - Создан товар Артикул ПТ26 | Название: Flynn
2020-11-10 00:24:42,134 - load_items.handle - DEBUG - Создан товар Артикул ПТ27 | Название: Kibo
2020-11-10 00:24:42,310 - load_items.handle - DEBUG - Создан товар Артикул ПТ28 | Название: Madonna
2020-11-10 00:24:42,441 - load_items.handle - DEBUG - Создан товар Артикул ПТ29 | Название: Imogene
2020-11-10 00:24:42,559 - load_items.handle - DEBUG - Создан товар Артикул ПТ30 | Название: Hop
2020-11-10 00:24:42,673 - load_items.handle - DEBUG - Создан товар Артикул ПТ31 | Название: Macaulay
2020-11-10 00:24:42,797 - load_items.handle - DEBUG - Создан товар Артикул ПТ32 | Название: Kylie
2020-11-10 00:24:42,915 - load_items.handle - DEBUG - Создан товар Артикул ПТ33 | Название: David
2020-11-10 00:24:43,021 - load_items.handle - DEBUG - Создан товар Артикул ПТ34 | Название: Blythe
2020-11-10 00:24:43,139 - load_items.handle - DEBUG - Создан товар Артикул ПТ35 | Название: Cecilia
2020-11-10 00:24:43,257 - load_items.handle - DEBUG - Создан товар Артикул ПТ36 | Название: Beverly
2020-11-10 00:24:43,354 - load_items.handle - DEBUG - Создан товар Артикул ПТ37 | Название: Abel
2020-11-10 00:24:43,463 - load_items.handle - DEBUG - Создан товар Артикул ПТ38 | Название: Thor
2020-11-10 00:24:43,588 - load_items.handle - DEBUG - Создан товар Артикул ПТ39 | Название: Lael
2020-11-10 00:24:43,686 - load_items.handle - DEBUG - Создан товар Артикул ПТ40 | Название: Sean
2020-11-10 00:24:43,796 - load_items.handle - DEBUG - Создан товар Артикул ПТ41 | Название: Rudyard
2020-11-10 00:24:43,893 - load_items.handle - DEBUG - Создан товар Артикул ПТ42 | Название: Damon
2020-11-10 00:24:43,996 - load_items.handle - DEBUG - Создан товар Артикул ПТ43 | Название: Finn
2020-11-10 00:24:44,093 - load_items.handle - DEBUG - Создан товар Артикул ПТ44 | Название: Jordan
2020-11-10 00:24:44,202 - load_items.handle - DEBUG - Создан товар Артикул ПТ45 | Название: Bertha
2020-11-10 00:24:44,308 - load_items.handle - DEBUG - Создан товар Артикул ПТ46 | Название: Chaney
2020-11-10 00:24:44,418 - load_items.handle - DEBUG - Создан товар Артикул ПТ47 | Название: Devin
2020-11-10 00:24:44,524 - load_items.handle - DEBUG - Создан товар Артикул ПТ48 | Название: Igor
2020-11-10 00:24:44,634 - load_items.handle - DEBUG - Создан товар Артикул ПТ49 | Название: Declan
2020-11-10 00:24:44,740 - load_items.handle - DEBUG - Создан товар Артикул ПТ50 | Название: Lev
2020-11-10 00:24:44,873 - load_items.handle - DEBUG - Создан товар Артикул ПТ51 | Название: Darryl
2020-11-10 00:24:45,049 - load_items.handle - DEBUG - Создан товар Артикул ПТ52 | Название: Chelsea
2020-11-10 00:24:45,163 - load_items.handle - DEBUG - Создан товар Артикул ПТ53 | Название: Hermione
2020-11-10 00:24:45,281 - load_items.handle - DEBUG - Создан товар Артикул ПТ54 | Название: Noah
2020-11-10 00:24:45,387 - load_items.handle - DEBUG - Создан товар Артикул ПТ55 | Название: Connor
2020-11-10 00:24:45,388 - load_items.handle - ERROR - UNIQUE constraint failed: main_item.title --- ['56', 'Beverly', '0795']
2020-11-10 00:24:45,503 - load_items.handle - DEBUG - Создан товар Артикул ПТ57 | Название: Dylan
2020-11-10 00:24:45,629 - load_items.handle - DEBUG - Создан товар Артикул ПТ58 | Название: Cyrus
2020-11-10 00:24:45,736 - load_items.handle - DEBUG - Создан товар Артикул ПТ59 | Название: Russell
2020-11-10 00:24:45,860 - load_items.handle - DEBUG - Создан товар Артикул ПТ60 | Название: Jackson
2020-11-10 00:24:45,969 - load_items.handle - DEBUG - Создан товар Артикул ПТ61 | Название: Jade
2020-11-10 00:24:46,059 - load_items.handle - DEBUG - Создан товар Артикул ПТ62 | Название: Whilemina
2020-11-10 00:24:46,160 - load_items.handle - DEBUG - Создан товар Артикул ПТ63 | Название: Griffith
2020-11-10 00:24:46,259 - load_items.handle - DEBUG - Создан товар Артикул ПТ64 | Название: Lilah
2020-11-10 00:24:46,368 - load_items.handle - DEBUG - Создан товар Артикул ПТ65 | Название: Ocean
2020-11-10 00:24:46,474 - load_items.handle - DEBUG - Создан товар Артикул ПТ66 | Название: Kylee
2020-11-10 00:24:46,592 - load_items.handle - DEBUG - Создан товар Артикул ПТ67 | Название: Winifred
2020-11-10 00:24:46,689 - load_items.handle - DEBUG - Создан товар Артикул ПТ68 | Название: Farrah
2020-11-10 00:24:46,800 - load_items.handle - DEBUG - Создан товар Артикул ПТ69 | Название: Edan
2020-11-10 00:24:46,897 - load_items.handle - DEBUG - Создан товар Артикул ПТ70 | Название: Philip
2020-11-10 00:24:47,038 - load_items.handle - DEBUG - Создан товар Артикул ПТ71 | Название: Avram
2020-11-10 00:24:47,147 - load_items.handle - DEBUG - Создан товар Артикул ПТ72 | Название: Denton
2020-11-10 00:24:47,254 - load_items.handle - DEBUG - Создан товар Артикул ПТ73 | Название: Casey
2020-11-10 00:24:47,396 - load_items.handle - DEBUG - Создан товар Артикул ПТ74 | Название: Plato
2020-11-10 00:24:47,494 - load_items.handle - DEBUG - Создан товар Артикул ПТ75 | Название: Dai
2020-11-10 00:24:47,621 - load_items.handle - DEBUG - Создан товар Артикул ПТ76 | Название: Kirsten
2020-11-10 00:24:47,727 - load_items.handle - DEBUG - Создан товар Артикул ПТ77 | Название: Vivian
2020-11-10 00:24:47,851 - load_items.handle - DEBUG - Создан товар Артикул ПТ78 | Название: Jarrod
2020-11-10 00:24:47,952 - load_items.handle - DEBUG - Создан товар Артикул ПТ79 | Название: Gannon
2020-11-10 00:24:47,953 - load_items.handle - ERROR - UNIQUE constraint failed: main_item.title --- ['80', 'Kylie', '2836']
2020-11-10 00:24:48,050 - load_items.handle - DEBUG - Создан товар Артикул ПТ81 | Название: Yasir
2020-11-10 00:24:48,160 - load_items.handle - DEBUG - Создан товар Артикул ПТ82 | Название: Kasper
2020-11-10 00:24:48,258 - load_items.handle - DEBUG - Создан товар Артикул ПТ83 | Название: Venus
2020-11-10 00:24:48,359 - load_items.handle - DEBUG - Создан товар Артикул ПТ84 | Название: Renee
2020-11-10 00:24:48,448 - load_items.handle - DEBUG - Создан товар Артикул ПТ85 | Название: Jenna
2020-11-10 00:24:48,559 - load_items.handle - DEBUG - Создан товар Артикул ПТ86 | Название: Addison
2020-11-10 00:24:48,648 - load_items.handle - DEBUG - Создан товар Артикул ПТ87 | Название: Irma
2020-11-10 00:24:48,749 - load_items.handle - DEBUG - Создан товар Артикул ПТ88 | Название: Jorden
2020-11-10 00:24:48,847 - load_items.handle - DEBUG - Создан товар Артикул ПТ89 | Название: Althea
2020-11-10 00:24:48,949 - load_items.handle - DEBUG - Создан товар Артикул ПТ90 | Название: Rashad
2020-11-10 00:24:49,072 - load_items.handle - DEBUG - Создан товар Артикул ПТ91 | Название: Karen
2020-11-10 00:24:49,190 - load_items.handle - DEBUG - Создан товар Артикул ПТ92 | Название: Castor
2020-11-10 00:24:49,311 - load_items.handle - DEBUG - Создан товар Артикул ПТ93 | Название: Alan
2020-11-10 00:24:49,429 - load_items.handle - DEBUG - Создан товар Артикул ПТ94 | Название: Gisela
2020-11-10 00:24:49,430 - load_items.handle - ERROR - UNIQUE constraint failed: main_item.title --- ['95', 'Chelsea', '3874']
2020-11-10 00:24:49,527 - load_items.handle - DEBUG - Создан товар Артикул ПТ96 | Название: Lara
2020-11-10 00:24:49,635 - load_items.handle - DEBUG - Создан товар Артикул ПТ97 | Название: Colt
2020-11-10 00:24:49,743 - load_items.handle - DEBUG - Создан товар Артикул ПТ98 | Название: Dorian
2020-11-10 00:24:49,844 - load_items.handle - DEBUG - Создан товар Артикул ПТ99 | Название: Joseph
2020-11-10 00:24:49,950 - load_items.handle - DEBUG - Создан товар Артикул ПТ100 | Название: Judah
2020-11-10 00:24:50,052 - load_items.handle - DEBUG - Создан товар Артикул ПТ101 | Название: Gay
2020-11-10 00:24:50,149 - load_items.handle - DEBUG - Создан товар Артикул ПТ102 | Название: Xanthus
2020-11-10 00:24:50,260 - load_items.handle - DEBUG - Создан товар Артикул ПТ103 | Название: Savannah
2020-11-10 00:24:50,368 - load_items.handle - DEBUG - Создан товар Артикул ПТ104 | Название: Carson
2020-11-10 00:24:50,479 - load_items.handle - DEBUG - Создан товар Артикул ПТ105 | Название: Juliet
2020-11-10 00:24:50,618 - load_items.handle - DEBUG - Создан товар Артикул ПТ106 | Название: Ethan
2020-11-10 00:24:50,757 - load_items.handle - DEBUG - Создан товар Артикул ПТ107 | Название: Kitra
2020-11-10 00:24:50,872 - load_items.handle - DEBUG - Создан товар Артикул ПТ108 | Название: Maggy
2020-11-10 00:24:50,997 - load_items.handle - DEBUG - Создан товар Артикул ПТ109 | Название: Grant
2020-11-10 00:24:51,099 - load_items.handle - DEBUG - Создан товар Артикул ПТ110 | Название: Nasim
2020-11-10 00:24:51,213 - load_items.handle - DEBUG - Создан товар Артикул ПТ111 | Название: Xandra
2020-11-10 00:24:51,348 - load_items.handle - DEBUG - Создан товар Артикул ПТ112 | Название: Rajah
2020-11-10 00:24:51,453 - load_items.handle - DEBUG - Создан товар Артикул ПТ113 | Название: Mary
2020-11-10 00:24:51,587 - load_items.handle - DEBUG - Создан товар Артикул ПТ114 | Название: Gillian
2020-11-10 00:24:51,588 - load_items.handle - ERROR - UNIQUE constraint failed: main_item.title --- ['115', 'Dorian', '3201']
2020-11-10 00:24:51,685 - load_items.handle - DEBUG - Создан товар Артикул ПТ116 | Название: Mallory
2020-11-10 00:24:51,828 - load_items.handle - DEBUG - Создан товар Артикул ПТ117 | Название: Marvin
2020-11-10 01:31:38,037 - load_items.handle - DEBUG - Создан товар Артикул ПТ18 | Название: Fallon
2020-11-10 01:31:38,156 - load_items.handle - DEBUG - Создан товар Артикул ПТ19 | Название: Andrew
2020-11-10 01:31:38,261 - load_items.handle - DEBUG - Создан товар Артикул ПТ20 | Название: Zia
2020-11-10 01:31:38,362 - load_items.handle - DEBUG - Создан товар Артикул ПТ21 | Название: Silas
2020-11-10 01:31:38,460 - load_items.handle - DEBUG - Создан товар Артикул ПТ22 | Название: Alden
2020-11-10 01:31:38,562 - load_items.handle - DEBUG - Создан товар Артикул ПТ23 | Название: Jada
2020-11-10 01:31:38,668 - load_items.handle - DEBUG - Создан товар Артикул ПТ24 | Название: Ulric
2020-11-10 01:31:38,770 - load_items.handle - DEBUG - Создан товар Артикул ПТ25 | Название: Leroy
2020-11-10 01:31:38,867 - load_items.handle - DEBUG - Создан товар Артикул ПТ26 | Название: Flynn
2020-11-10 01:31:38,969 - load_items.handle - DEBUG - Создан товар Артикул ПТ27 | Название: Kibo
2020-11-10 01:31:39,066 - load_items.handle - DEBUG - Создан товар Артикул ПТ28 | Название: Madonna
2020-11-10 01:31:39,168 - load_items.handle - DEBUG - Создан товар Артикул ПТ29 | Название: Imogene
2020-11-10 01:31:39,273 - load_items.handle - DEBUG - Создан товар Артикул ПТ30 | Название: Hop
2020-11-10 01:31:39,429 - load_items.handle - DEBUG - Создан товар Артикул ПТ31 | Название: Macaulay
2020-11-10 01:31:39,572 - load_items.handle - DEBUG - Создан товар Артикул ПТ32 | Название: Kylie
2020-11-10 01:31:39,698 - load_items.handle - DEBUG - Создан товар Артикул ПТ33 | Название: David
2020-11-10 01:31:39,796 - load_items.handle - DEBUG - Создан товар Артикул ПТ34 | Название: Blythe
2020-11-10 01:31:39,907 - load_items.handle - DEBUG - Создан товар Артикул ПТ35 | Название: Cecilia
2020-11-10 01:31:40,005 - load_items.handle - DEBUG - Создан товар Артикул ПТ36 | Название: Beverly
2020-11-10 01:31:40,114 - load_items.handle - DEBUG - Создан товар Артикул ПТ37 | Название: Abel
2020-11-10 01:31:40,212 - load_items.handle - DEBUG - Создан товар Артикул ПТ38 | Название: Thor
2020-11-10 01:31:40,330 - load_items.handle - DEBUG - Создан товар Артикул ПТ39 | Название: Lael
2020-11-10 01:31:40,428 - load_items.handle - DEBUG - Создан товар Артикул ПТ40 | Название: Sean
2020-11-10 01:31:40,538 - load_items.handle - DEBUG - Создан товар Артикул ПТ41 | Название: Rudyard
2020-11-10 01:31:40,635 - load_items.handle - DEBUG - Создан товар Артикул ПТ42 | Название: Damon
2020-11-10 01:31:40,754 - load_items.handle - DEBUG - Создан товар Артикул ПТ43 | Название: Finn
2020-11-10 01:31:40,851 - load_items.handle - DEBUG - Создан товар Артикул ПТ44 | Название: Jordan
2020-11-10 01:31:40,978 - load_items.handle - DEBUG - Создан товар Артикул ПТ45 | Название: Bertha
2020-11-10 01:31:41,083 - load_items.handle - DEBUG - Создан товар Артикул ПТ46 | Название: Chaney
2020-11-10 01:31:41,202 - load_items.handle - DEBUG - Создан товар Артикул ПТ47 | Название: Devin
2020-11-10 01:31:41,299 - load_items.handle - DEBUG - Создан товар Артикул ПТ48 | Название: Igor
2020-11-10 01:31:41,407 - load_items.handle - DEBUG - Создан товар Артикул ПТ49 | Название: Declan
2020-11-10 01:31:41,515 - load_items.handle - DEBUG - Создан товар Артикул ПТ50 | Название: Lev
2020-11-10 01:31:41,622 - load_items.handle - DEBUG - Создан товар Артикул ПТ51 | Название: Darryl
2020-11-10 01:31:41,730 - load_items.handle - DEBUG - Создан товар Артикул ПТ52 | Название: Chelsea
2020-11-10 01:31:41,838 - load_items.handle - DEBUG - Создан товар Артикул ПТ53 | Название: Hermione
2020-11-10 01:31:41,948 - load_items.handle - DEBUG - Создан товар Артикул ПТ54 | Название: Noah
2020-11-10 01:31:42,046 - load_items.handle - DEBUG - Создан товар Артикул ПТ55 | Название: Connor
2020-11-10 01:31:42,047 - load_items.handle - ERROR - UNIQUE constraint failed: main_item.title --- ['56', 'Beverly', '0795']
2020-11-10 01:31:42,173 - load_items.handle - DEBUG - Создан товар Артикул ПТ57 | Название: Dylan
2020-11-10 01:31:42,270 - load_items.handle - DEBUG - Создан товар Артикул ПТ58 | Название: Cyrus
2020-11-10 01:31:42,380 - load_items.handle - DEBUG - Создан товар Артикул ПТ59 | Название: Russell
2020-11-10 01:31:42,477 - load_items.handle - DEBUG - Создан товар Артикул ПТ60 | Название: Jackson
2020-11-10 01:31:42,579 - load_items.handle - DEBUG - Создан товар Артикул ПТ61 | Название: Jade
2020-11-10 01:31:42,668 - load_items.handle - DEBUG - Создан товар Артикул ПТ62 | Название: Whilemina
2020-11-10 01:31:42,787 - load_items.handle - DEBUG - Создан товар Артикул ПТ63 | Название: Griffith
2020-11-10 01:31:42,892 - load_items.handle - DEBUG - Создан товар Артикул ПТ64 | Название: Lilah
2020-11-10 01:31:43,009 - load_items.handle - DEBUG - Создан товар Артикул ПТ65 | Название: Ocean
2020-11-10 01:31:43,108 - load_items.handle - DEBUG - Создан товар Артикул ПТ66 | Название: Kylee
2020-11-10 01:31:43,225 - load_items.handle - DEBUG - Создан товар Артикул ПТ67 | Название: Winifred
2020-11-10 01:31:43,323 - load_items.handle - DEBUG - Создан товар Артикул ПТ68 | Название: Farrah
2020-11-10 01:31:43,441 - load_items.handle - DEBUG - Создан товар Артикул ПТ69 | Название: Edan
2020-11-10 01:31:43,546 - load_items.handle - DEBUG - Создан товар Артикул ПТ70 | Название: Philip
2020-11-10 01:31:43,663 - load_items.handle - DEBUG - Создан товар Артикул ПТ71 | Название: Avram
2020-11-10 01:31:43,771 - load_items.handle - DEBUG - Создан товар Артикул ПТ72 | Название: Denton
2020-11-10 01:31:43,880 - load_items.handle - DEBUG - Создан товар Артикул ПТ73 | Название: Casey
2020-11-10 01:31:43,988 - load_items.handle - DEBUG - Создан товар Артикул ПТ74 | Название: Plato
2020-11-10 01:31:44,097 - load_items.handle - DEBUG - Создан товар Артикул ПТ75 | Название: Dai
2020-11-10 01:31:44,195 - load_items.handle - DEBUG - Создан товар Артикул ПТ76 | Название: Kirsten
2020-11-10 01:31:44,313 - load_items.handle - DEBUG - Создан товар Артикул ПТ77 | Название: Vivian
2020-11-10 01:31:44,410 - load_items.handle - DEBUG - Создан товар Артикул ПТ78 | Название: Jarrod
2020-11-10 01:31:44,545 - load_items.handle - DEBUG - Создан товар Артикул ПТ79 | Название: Gannon
2020-11-10 01:31:44,546 - load_items.handle - ERROR - UNIQUE constraint failed: main_item.title --- ['80', 'Kylie', '2836']
2020-11-10 01:31:44,643 - load_items.handle - DEBUG - Создан товар Артикул ПТ81 | Название: Yasir
2020-11-10 01:31:44,753 - load_items.handle - DEBUG - Создан товар Артикул ПТ82 | Название: Kasper
2020-11-10 01:31:44,850 - load_items.handle - DEBUG - Создан товар Артикул ПТ83 | Название: Venus
2020-11-10 01:31:44,952 - load_items.handle - DEBUG - Создан товар Артикул ПТ84 | Название: Renee
2020-11-10 01:31:45,049 - load_items.handle - DEBUG - Создан товар Артикул ПТ85 | Название: Jenna
2020-11-10 01:31:45,207 - load_items.handle - DEBUG - Создан товар Артикул ПТ86 | Название: Addison
2020-11-10 01:31:45,316 - load_items.handle - DEBUG - Создан товар Артикул ПТ87 | Название: Irma
2020-11-10 01:31:45,422 - load_items.handle - DEBUG - Создан товар Артикул ПТ88 | Название: Jorden
2020-11-10 01:31:45,532 - load_items.handle - DEBUG - Создан товар Артикул ПТ89 | Название: Althea
2020-11-10 01:31:45,630 - load_items.handle - DEBUG - Создан товар Артикул ПТ90 | Название: Rashad
2020-11-10 01:31:45,740 - load_items.handle - DEBUG - Создан товар Артикул ПТ91 | Название: Karen
2020-11-10 01:31:45,846 - load_items.handle - DEBUG - Создан товар Артикул ПТ92 | Название: Castor
2020-11-10 01:31:45,947 - load_items.handle - DEBUG - Создан товар Артикул ПТ93 | Название: Alan
2020-11-10 01:31:46,045 - load_items.handle - DEBUG - Создан товар Артикул ПТ94 | Название: Gisela
2020-11-10 01:31:46,046 - load_items.handle - ERROR - UNIQUE constraint failed: main_item.title --- ['95', 'Chelsea', '3874']
2020-11-10 01:31:46,155 - load_items.handle - DEBUG - Создан товар Артикул ПТ96 | Название: Lara
2020-11-10 01:31:46,253 - load_items.handle - DEBUG - Создан товар Артикул ПТ97 | Название: Colt
2020-11-10 01:31:46,371 - load_items.handle - DEBUG - Создан товар Артикул ПТ98 | Название: Dorian
2020-11-10 01:31:46,468 - load_items.handle - DEBUG - Создан товар Артикул ПТ99 | Название: Joseph
2020-11-10 01:31:46,577 - load_items.handle - DEBUG - Создан товар Артикул ПТ100 | Название: Judah
2020-11-10 01:31:46,675 - load_items.handle - DEBUG - Создан товар Артикул ПТ101 | Название: Gay
2020-11-10 01:31:46,793 - load_items.handle - DEBUG - Создан товар Артикул ПТ102 | Название: Xanthus
2020-11-10 01:31:46,884 - load_items.handle - DEBUG - Создан товар Артикул ПТ103 | Название: Savannah
2020-11-10 01:31:46,985 - load_items.handle - DEBUG - Создан товар Артикул ПТ104 | Название: Carson
2020-11-10 01:31:47,075 - load_items.handle - DEBUG - Создан товар Артикул ПТ105 | Название: Juliet
2020-11-10 01:31:47,185 - load_items.handle - DEBUG - Создан товар Артикул ПТ106 | Название: Ethan
2020-11-10 01:31:47,290 - load_items.handle - DEBUG - Создан товар Артикул ПТ107 | Название: Kitra
2020-11-10 01:31:47,391 - load_items.handle - DEBUG - Создан товар Артикул ПТ108 | Название: Maggy
2020-11-10 01:31:47,490 - load_items.handle - DEBUG - Создан товар Артикул ПТ109 | Название: Grant
2020-11-10 01:31:47,591 - load_items.handle - DEBUG - Создан товар Артикул ПТ110 | Название: Nasim
2020-11-10 01:31:47,689 - load_items.handle - DEBUG - Создан товар Артикул ПТ111 | Название: Xandra
2020-11-10 01:31:47,863 - load_items.handle - DEBUG - Создан товар Артикул ПТ112 | Название: Rajah
2020-11-10 01:31:47,991 - load_items.handle - DEBUG - Создан товар Артикул ПТ113 | Название: Mary
2020-11-10 01:31:48,105 - load_items.handle - DEBUG - Создан товар Артикул ПТ114 | Название: Gillian
2020-11-10 01:31:48,106 - load_items.handle - ERROR - UNIQUE constraint failed: main_item.title --- ['115', 'Dorian', '3201']
2020-11-10 01:31:48,203 - load_items.handle - DEBUG - Создан товар Артикул ПТ116 | Название: Mallory
2020-11-10 01:31:48,312 - load_items.handle - DEBUG - Создан товар Артикул ПТ117 | Название: Marvin
2020-11-10 01:37:26,459 - load_items.handle - DEBUG - Создан товар Артикул ПТ18 | Название: Fallon
2020-11-10 01:37:26,544 - load_items.handle - DEBUG - Создан товар Артикул ПТ19 | Название: Andrew
2020-11-10 01:37:26,632 - load_items.handle - DEBUG - Создан товар Артикул ПТ20 | Название: Zia
2020-11-10 01:37:26,719 - load_items.handle - DEBUG - Создан товар Артикул ПТ21 | Название: Silas
2020-11-10 01:37:26,798 - load_items.handle - DEBUG - Создан товар Артикул ПТ22 | Название: Alden
2020-11-10 01:37:26,885 - load_items.handle - DEBUG - Создан товар Артикул ПТ23 | Название: Jada
2020-11-10 01:37:26,973 - load_items.handle - DEBUG - Создан товар Артикул ПТ24 | Название: Ulric
2020-11-10 01:37:27,059 - load_items.handle - DEBUG - Создан товар Артикул ПТ25 | Название: Leroy
2020-11-10 01:37:27,148 - load_items.handle - DEBUG - Создан товар Артикул ПТ26 | Название: Flynn
2020-11-10 01:37:27,242 - load_items.handle - DEBUG - Создан товар Артикул ПТ27 | Название: Kibo
2020-11-10 01:37:27,338 - load_items.handle - DEBUG - Создан товар Артикул ПТ28 | Название: Madonna
2020-11-10 01:37:27,433 - load_items.handle - DEBUG - Создан товар Артикул ПТ29 | Название: Imogene
2020-11-10 01:37:27,520 - load_items.handle - DEBUG - Создан товар Артикул ПТ30 | Название: Hop
2020-11-10 01:37:27,622 - load_items.handle - DEBUG - Создан товар Артикул ПТ31 | Название: Macaulay
2020-11-10 01:37:27,711 - load_items.handle - DEBUG - Создан товар Артикул ПТ32 | Название: Kylie
2020-11-10 01:37:27,804 - load_items.handle - DEBUG - Создан товар Артикул ПТ33 | Название: David
2020-11-10 01:37:27,894 - load_items.handle - DEBUG - Создан товар Артикул ПТ34 | Название: Blythe
2020-11-10 01:37:27,987 - load_items.handle - DEBUG - Создан товар Артикул ПТ35 | Название: Cecilia
2020-11-10 01:37:28,076 - load_items.handle - DEBUG - Создан товар Артикул ПТ36 | Название: Beverly
2020-11-10 01:37:28,170 - load_items.handle - DEBUG - Создан товар Артикул ПТ37 | Название: Abel
2020-11-10 01:37:28,260 - load_items.handle - DEBUG - Создан товар Артикул ПТ38 | Название: Thor
2020-11-10 01:37:28,354 - load_items.handle - DEBUG - Создан товар Артикул ПТ39 | Название: Lael
2020-11-10 01:37:28,450 - load_items.handle - DEBUG - Создан товар Артикул ПТ40 | Название: Sean
2020-11-10 01:37:28,545 - load_items.handle - DEBUG - Создан товар Артикул ПТ41 | Название: Rudyard
2020-11-10 01:37:28,641 - load_items.handle - DEBUG - Создан товар Артикул ПТ42 | Название: Damon
2020-11-10 01:37:28,736 - load_items.handle - DEBUG - Создан товар Артикул ПТ43 | Название: Finn
2020-11-10 01:37:28,832 - load_items.handle - DEBUG - Создан товар Артикул ПТ44 | Название: Jordan
2020-11-10 01:37:28,965 - load_items.handle - DEBUG - Создан товар Артикул ПТ45 | Название: Bertha
2020-11-10 01:37:29,101 - load_items.handle - DEBUG - Создан товар Артикул ПТ46 | Название: Chaney
2020-11-10 01:37:29,189 - load_items.handle - DEBUG - Создан товар Артикул ПТ47 | Название: Devin
2020-11-10 01:37:29,283 - load_items.handle - DEBUG - Создан товар Артикул ПТ48 | Название: Igor
2020-11-10 01:37:29,371 - load_items.handle - DEBUG - Создан товар Артикул ПТ49 | Название: Declan
2020-11-10 01:37:29,466 - load_items.handle - DEBUG - Создан товар Артикул ПТ50 | Название: Lev
2020-11-10 01:37:29,554 - load_items.handle - DEBUG - Создан товар Артикул ПТ51 | Название: Darryl
2020-11-10 01:37:29,640 - load_items.handle - DEBUG - Создан товар Артикул ПТ52 | Название: Chelsea
2020-11-10 01:37:29,737 - load_items.handle - DEBUG - Создан товар Артикул ПТ53 | Название: Hermione
2020-11-10 01:37:29,822 - load_items.handle - DEBUG - Создан товар Артикул ПТ54 | Название: Noah
2020-11-10 01:37:29,912 - load_items.handle - DEBUG - Создан товар Артикул ПТ55 | Название: Connor
2020-11-10 01:37:29,913 - load_items.handle - ERROR - UNIQUE constraint failed: main_item.title --- ['56', 'Beverly', '0795']
2020-11-10 01:37:30,021 - load_items.handle - DEBUG - Создан товар Артикул ПТ57 | Название: Dylan
2020-11-10 01:37:30,110 - load_items.handle - DEBUG - Создан товар Артикул ПТ58 | Название: Cyrus
2020-11-10 01:37:30,204 - load_items.handle - DEBUG - Создан товар Артикул ПТ59 | Название: Russell
2020-11-10 01:37:30,292 - load_items.handle - DEBUG - Создан товар Артикул ПТ60 | Название: Jackson
2020-11-10 01:37:30,394 - load_items.handle - DEBUG - Создан товар Артикул ПТ61 | Название: Jade
2020-11-10 01:37:30,483 - load_items.handle - DEBUG - Создан товар Артикул ПТ62 | Название: Whilemina
2020-11-10 01:37:30,577 - load_items.handle - DEBUG - Создан товар Артикул ПТ63 | Название: Griffith
2020-11-10 01:37:30,666 - load_items.handle - DEBUG - Создан товар Артикул ПТ64 | Название: Lilah
2020-11-10 01:37:30,759 - load_items.handle - DEBUG - Создан товар Артикул ПТ65 | Название: Ocean
2020-11-10 01:37:30,848 - load_items.handle - DEBUG - Создан товар Артикул ПТ66 | Название: Kylee
2020-11-10 01:37:30,968 - load_items.handle - DEBUG - Создан товар Артикул ПТ67 | Название: Winifred
2020-11-10 01:37:31,056 - load_items.handle - DEBUG - Создан товар Артикул ПТ68 | Название: Farrah
2020-11-10 01:37:31,158 - load_items.handle - DEBUG - Создан товар Артикул ПТ69 | Название: Edan
2020-11-10 01:37:31,247 - load_items.handle - DEBUG - Создан товар Артикул ПТ70 | Название: Philip
2020-11-10 01:37:31,349 - load_items.handle - DEBUG - Создан товар Артикул ПТ71 | Название: Avram
2020-11-10 01:37:31,438 - load_items.handle - DEBUG - Создан товар Артикул ПТ72 | Название: Denton
2020-11-10 01:37:31,540 - load_items.handle - DEBUG - Создан товар Артикул ПТ73 | Название: Casey
2020-11-10 01:37:31,637 - load_items.handle - DEBUG - Создан товар Артикул ПТ74 | Название: Plato
2020-11-10 01:37:31,736 - load_items.handle - DEBUG - Создан товар Артикул ПТ75 | Название: Dai
2020-11-10 01:37:31,836 - load_items.handle - DEBUG - Создан товар Артикул ПТ76 | Название: Kirsten
2020-11-10 01:37:31,935 - load_items.handle - DEBUG - Создан товар Артикул ПТ77 | Название: Vivian
2020-11-10 01:37:32,035 - load_items.handle - DEBUG - Создан товар Артикул ПТ78 | Название: Jarrod
2020-11-10 01:37:32,134 - load_items.handle - DEBUG - Создан товар Артикул ПТ79 | Название: Gannon
2020-11-10 01:37:32,135 - load_items.handle - ERROR - UNIQUE constraint failed: main_item.title --- ['80', 'Kylie', '2836']
2020-11-10 01:37:32,234 - load_items.handle - DEBUG - Создан товар Артикул ПТ81 | Название: Yasir
2020-11-10 01:37:32,353 - load_items.handle - DEBUG - Создан товар Артикул ПТ82 | Название: Kasper
2020-11-10 01:37:32,433 - load_items.handle - DEBUG - Создан товар Артикул ПТ83 | Название: Venus
2020-11-10 01:37:32,527 - load_items.handle - DEBUG - Создан товар Артикул ПТ84 | Название: Renee
2020-11-10 01:37:32,608 - load_items.handle - DEBUG - Создан товар Артикул ПТ85 | Название: Jenna
2020-11-10 01:37:32,718 - load_items.handle - DEBUG - Создан товар Артикул ПТ86 | Название: Addison
2020-11-10 01:37:32,806 - load_items.handle - DEBUG - Создан товар Артикул ПТ87 | Название: Irma
2020-11-10 01:37:32,909 - load_items.handle - DEBUG - Создан товар Артикул ПТ88 | Название: Jorden
2020-11-10 01:37:33,006 - load_items.handle - DEBUG - Создан товар Артикул ПТ89 | Название: Althea
2020-11-10 01:37:33,107 - load_items.handle - DEBUG - Создан товар Артикул ПТ90 | Название: Rashad
2020-11-10 01:37:33,196 - load_items.handle - DEBUG - Создан товар Артикул ПТ91 | Название: Karen
2020-11-10 01:37:33,296 - load_items.handle - DEBUG - Создан товар Артикул ПТ92 | Название: Castor
2020-11-10 01:37:33,390 - load_items.handle - DEBUG - Создан товар Артикул ПТ93 | Название: Alan
2020-11-10 01:37:33,479 - load_items.handle - DEBUG - Создан товар Артикул ПТ94 | Название: Gisela
2020-11-10 01:37:33,480 - load_items.handle - ERROR - UNIQUE constraint failed: main_item.title --- ['95', 'Chelsea', '3874']
2020-11-10 01:37:33,578 - load_items.handle - DEBUG - Создан товар Артикул ПТ96 | Название: Lara
2020-11-10 01:37:33,680 - load_items.handle - DEBUG - Создан товар Артикул ПТ97 | Название: Colt
2020-11-10 01:37:33,769 - load_items.handle - DEBUG - Создан товар Артикул ПТ98 | Название: Dorian
2020-11-10 01:37:33,862 - load_items.handle - DEBUG - Создан товар Артикул ПТ99 | Название: Joseph
2020-11-10 01:37:33,952 - load_items.handle - DEBUG - Создан товар Артикул ПТ100 | Название: Judah
2020-11-10 01:37:34,063 - load_items.handle - DEBUG - Создан товар Артикул ПТ101 | Название: Gay
2020-11-10 01:37:34,162 - load_items.handle - DEBUG - Создан товар Артикул ПТ102 | Название: Xanthus
2020-11-10 01:37:34,247 - load_items.handle - DEBUG - Создан товар Артикул ПТ103 | Название: Savannah
2020-11-10 01:37:34,345 - load_items.handle - DEBUG - Создан товар Артикул ПТ104 | Название: Carson
2020-11-10 01:37:34,452 - load_items.handle - DEBUG - Создан товар Артикул ПТ105 | Название: Juliet
2020-11-10 01:37:34,541 - load_items.handle - DEBUG - Создан товар Артикул ПТ106 | Название: Ethan
2020-11-10 01:37:34,635 - load_items.handle - DEBUG - Создан товар Артикул ПТ107 | Название: Kitra
2020-11-10 01:37:34,723 - load_items.handle - DEBUG - Создан товар Артикул ПТ108 | Название: Maggy
2020-11-10 01:37:34,809 - load_items.handle - DEBUG - Создан товар Артикул ПТ109 | Название: Grant
2020-11-10 01:37:34,897 - load_items.handle - DEBUG - Создан товар Артикул ПТ110 | Название: Nasim
2020-11-10 01:37:34,984 - load_items.handle - DEBUG - Создан товар Артикул ПТ111 | Название: Xandra
2020-11-10 01:37:35,072 - load_items.handle - DEBUG - Создан товар Артикул ПТ112 | Название: Rajah
2020-11-10 01:37:35,158 - load_items.handle - DEBUG - Создан товар Артикул ПТ113 | Название: Mary
2020-11-10 01:37:35,238 - load_items.handle - DEBUG - Создан товар Артикул ПТ114 | Название: Gillian
2020-11-10 01:37:35,239 - load_items.handle - ERROR - UNIQUE constraint failed: main_item.title --- ['115', 'Dorian', '3201']
2020-11-10 01:37:35,324 - load_items.handle - DEBUG - Создан товар Артикул ПТ116 | Название: Mallory
2020-11-10 01:37:35,431 - load_items.handle - DEBUG - Создан товар Артикул ПТ117 | Название: Marvin
2020-11-10 03:07:55,089 - load_items.handle - DEBUG - Создан товар Артикул ПТ18 | Название: Fallon
2020-11-10 03:07:55,196 - load_items.handle - DEBUG - Создан товар Артикул ПТ19 | Название: Andrew
2020-11-10 03:07:55,288 - load_items.handle - DEBUG - Создан товар Артикул ПТ20 | Название: Zia
2020-11-10 03:07:55,387 - load_items.handle - DEBUG - Создан товар Артикул ПТ21 | Название: Silas
2020-11-10 03:07:55,486 - load_items.handle - DEBUG - Создан товар Артикул ПТ22 | Название: Alden
2020-11-10 03:07:55,586 - load_items.handle - DEBUG - Создан товар Артикул ПТ23 | Название: Jada
2020-11-10 03:07:55,693 - load_items.handle - DEBUG - Создан товар Артикул ПТ24 | Название: Ulric
2020-11-10 03:07:55,786 - load_items.handle - DEBUG - Создан товар Артикул ПТ25 | Название: Leroy
2020-11-10 03:07:55,876 - load_items.handle - DEBUG - Создан товар Артикул ПТ26 | Название: Flynn
2020-11-10 03:07:55,968 - load_items.handle - DEBUG - Создан товар Артикул ПТ27 | Название: Kibo
2020-11-10 03:07:56,068 - load_items.handle - DEBUG - Создан товар Артикул ПТ28 | Название: Madonna
2020-11-10 03:07:56,167 - load_items.handle - DEBUG - Создан товар Артикул ПТ29 | Название: Imogene
2020-11-10 03:07:56,267 - load_items.handle - DEBUG - Создан товар Артикул ПТ30 | Название: Hop
2020-11-10 03:07:56,375 - load_items.handle - DEBUG - Создан товар Артикул ПТ31 | Название: Macaulay
2020-11-10 03:07:56,474 - load_items.handle - DEBUG - Создан товар Артикул ПТ32 | Название: Kylie
2020-11-10 03:07:56,574 - load_items.handle - DEBUG - Создан товар Артикул ПТ33 | Название: David
2020-11-10 03:07:56,673 - load_items.handle - DEBUG - Создан товар Артикул ПТ34 | Название: Blythe
2020-11-10 03:07:56,772 - load_items.handle - DEBUG - Создан товар Артикул ПТ35 | Название: Cecilia
2020-11-10 03:07:56,864 - load_items.handle - DEBUG - Создан товар Артикул ПТ36 | Название: Beverly
2020-11-10 03:07:56,963 - load_items.handle - DEBUG - Создан товар Артикул ПТ37 | Название: Abel
2020-11-10 03:07:57,072 - load_items.handle - DEBUG - Создан товар Артикул ПТ38 | Название: Thor
2020-11-10 03:07:57,180 - load_items.handle - DEBUG - Создан товар Артикул ПТ39 | Название: Lael
2020-11-10 03:07:57,280 - load_items.handle - DEBUG - Создан товар Артикул ПТ40 | Название: Sean
2020-11-10 03:07:57,388 - load_items.handle - DEBUG - Создан товар Артикул ПТ41 | Название: Rudyard
2020-11-10 03:07:57,496 - load_items.handle - DEBUG - Создан товар Артикул ПТ42 | Название: Damon
2020-11-10 03:07:57,595 - load_items.handle - DEBUG - Создан товар Артикул ПТ43 | Название: Finn
2020-11-10 03:07:57,687 - load_items.handle - DEBUG - Создан товар Артикул ПТ44 | Название: Jordan
2020-11-10 03:07:57,786 - load_items.handle - DEBUG - Создан товар Артикул ПТ45 | Название: Bertha
2020-11-10 03:07:57,920 - load_items.handle - DEBUG - Создан товар Артикул ПТ46 | Название: Chaney
2020-11-10 03:07:58,027 - load_items.handle - DEBUG - Создан товар Артикул ПТ47 | Название: Devin
2020-11-10 03:07:58,151 - load_items.handle - DEBUG - Создан товар Артикул ПТ48 | Название: Igor
2020-11-10 03:07:58,259 - load_items.handle - DEBUG - Создан товар Артикул ПТ49 | Название: Declan
2020-11-10 03:07:58,367 - load_items.handle - DEBUG - Создан товар Артикул ПТ50 | Название: Lev
2020-11-10 03:07:58,467 - load_items.handle - DEBUG - Создан товар Артикул ПТ51 | Название: Darryl
2020-11-10 03:07:58,557 - load_items.handle - DEBUG - Создан товар Артикул ПТ52 | Название: Chelsea
2020-11-10 03:07:58,666 - load_items.handle - DEBUG - Создан товар Артикул ПТ53 | Название: Hermione
2020-11-10 03:07:58,756 - load_items.handle - DEBUG - Создан товар Артикул ПТ54 | Название: Noah
2020-11-10 03:07:58,873 - load_items.handle - DEBUG - Создан товар Артикул ПТ55 | Название: Connor
2020-11-10 03:07:58,874 - load_items.handle - ERROR - UNIQUE constraint failed: main_item.title --- ['56', 'Beverly', '0795']
2020-11-10 03:07:58,973 - load_items.handle - DEBUG - Создан товар Артикул ПТ57 | Название: Dylan
2020-11-10 03:07:59,072 - load_items.handle - DEBUG - Создан товар Артикул ПТ58 | Название: Cyrus
2020-11-10 03:07:59,172 - load_items.handle - DEBUG - Создан товар Артикул ПТ59 | Название: Russell
2020-11-10 03:07:59,271 - load_items.handle - DEBUG - Создан товар Артикул ПТ60 | Название: Jackson
2020-11-10 03:07:59,379 - load_items.handle - DEBUG - Создан товар Артикул ПТ61 | Название: Jade
2020-11-10 03:07:59,479 - load_items.handle - DEBUG - Создан товар Артикул ПТ62 | Название: Whilemina
2020-11-10 03:07:59,578 - load_items.handle - DEBUG - Создан товар Артикул ПТ63 | Название: Griffith
2020-11-10 03:07:59,678 - load_items.handle - DEBUG - Создан товар Артикул ПТ64 | Название: Lilah
2020-11-10 03:07:59,777 - load_items.handle - DEBUG - Создан товар Артикул ПТ65 | Название: Ocean
2020-11-10 03:07:59,876 - load_items.handle - DEBUG - Создан товар Артикул ПТ66 | Название: Kylee
2020-11-10 03:07:59,968 - load_items.handle - DEBUG - Создан товар Артикул ПТ67 | Название: Winifred
2020-11-10 03:08:00,083 - load_items.handle - DEBUG - Создан товар Артикул ПТ68 | Название: Farrah
2020-11-10 03:08:00,184 - load_items.handle - DEBUG - Создан товар Артикул ПТ69 | Название: Edan
2020-11-10 03:08:00,292 - load_items.handle - DEBUG - Создан товар Артикул ПТ70 | Название: Philip
2020-11-10 03:08:00,400 - load_items.handle - DEBUG - Создан товар Артикул ПТ71 | Название: Avram
2020-11-10 03:08:00,508 - load_items.handle - DEBUG - Создан товар Артикул ПТ72 | Название: Denton
2020-11-10 03:08:00,607 - load_items.handle - DEBUG - Создан товар Артикул ПТ73 | Название: Casey
2020-11-10 03:08:00,706 - load_items.handle - DEBUG - Создан товар Артикул ПТ74 | Название: Plato
2020-11-10 03:08:00,806 - load_items.handle - DEBUG - Создан товар Артикул ПТ75 | Название: Dai
2020-11-10 03:08:00,914 - load_items.handle - DEBUG - Создан товар Артикул ПТ76 | Название: Kirsten
2020-11-10 03:08:01,005 - load_items.handle - DEBUG - Создан товар Артикул ПТ77 | Название: Vivian
2020-11-10 03:08:01,113 - load_items.handle - DEBUG - Создан товар Артикул ПТ78 | Название: Jarrod
2020-11-10 03:08:01,205 - load_items.handle - DEBUG - Создан товар Артикул ПТ79 | Название: Gannon
2020-11-10 03:08:01,206 - load_items.handle - ERROR - UNIQUE constraint failed: main_item.title --- ['80', 'Kylie', '2836']
2020-11-10 03:08:01,321 - load_items.handle - DEBUG - Создан товар Артикул ПТ81 | Название: Yasir
2020-11-10 03:08:01,420 - load_items.handle - DEBUG - Создан товар Артикул ПТ82 | Название: Kasper
2020-11-10 03:08:01,520 - load_items.handle - DEBUG - Создан товар Артикул ПТ83 | Название: Venus
2020-11-10 03:08:01,628 - load_items.handle - DEBUG - Создан товар Артикул ПТ84 | Название: Renee
2020-11-10 03:08:01,744 - load_items.handle - DEBUG - Создан товар Артикул ПТ85 | Название: Jenna
2020-11-10 03:08:01,852 - load_items.handle - DEBUG - Создан товар Артикул ПТ86 | Название: Addison
2020-11-10 03:08:01,960 - load_items.handle - DEBUG - Создан товар Артикул ПТ87 | Название: Irma
2020-11-10 03:08:02,068 - load_items.handle - DEBUG - Создан товар Артикул ПТ88 | Название: Jorden
2020-11-10 03:08:02,175 - load_items.handle - DEBUG - Создан товар Артикул ПТ89 | Название: Althea
2020-11-10 03:08:02,292 - load_items.handle - DEBUG - Создан товар Артикул ПТ90 | Название: Rashad
2020-11-10 03:08:02,391 - load_items.handle - DEBUG - Создан товар Артикул ПТ91 | Название: Karen
2020-11-10 03:08:02,491 - load_items.handle - DEBUG - Создан товар Артикул ПТ92 | Название: Castor
2020-11-10 03:08:02,590 - load_items.handle - DEBUG - Создан товар Артикул ПТ93 | Название: Alan
2020-11-10 03:08:02,689 - load_items.handle - DEBUG - Создан товар Артикул ПТ94 | Название: Gisela
2020-11-10 03:08:02,690 - load_items.handle - ERROR - UNIQUE constraint failed: main_item.title --- ['95', 'Chelsea', '3874']
2020-11-10 03:08:02,773 - load_items.handle - DEBUG - Создан товар Артикул ПТ96 | Название: Lara
2020-11-10 03:08:02,896 - load_items.handle - DEBUG - Создан товар Артикул ПТ97 | Название: Colt
2020-11-10 03:08:03,010 - load_items.handle - DEBUG - Создан товар Артикул ПТ98 | Название: Dorian
2020-11-10 03:08:03,105 - load_items.handle - DEBUG - Создан товар Артикул ПТ99 | Название: Joseph
2020-11-10 03:08:03,211 - load_items.handle - DEBUG - Создан товар Артикул ПТ100 | Название: Judah
2020-11-10 03:08:03,304 - load_items.handle - DEBUG - Создан товар Артикул ПТ101 | Название: Gay
2020-11-10 03:08:03,402 - load_items.handle - DEBUG - Создан товар Артикул ПТ102 | Название: Xanthus
2020-11-10 03:08:03,495 - load_items.handle - DEBUG - Создан товар Артикул ПТ103 | Название: Savannah
2020-11-10 03:08:03,601 - load_items.handle - DEBUG - Создан товар Артикул ПТ104 | Название: Carson
2020-11-10 03:08:03,694 - load_items.handle - DEBUG - Создан товар Артикул ПТ105 | Название: Juliet
2020-11-10 03:08:03,801 - load_items.handle - DEBUG - Создан товар Артикул ПТ106 | Название: Ethan
2020-11-10 03:08:03,933 - load_items.handle - DEBUG - Создан товар Артикул ПТ107 | Название: Kitra
2020-11-10 03:08:04,050 - load_items.handle - DEBUG - Создан товар Артикул ПТ108 | Название: Maggy
2020-11-10 03:08:04,158 - load_items.handle - DEBUG - Создан товар Артикул ПТ109 | Название: Grant
2020-11-10 03:08:04,267 - load_items.handle - DEBUG - Создан товар Артикул ПТ110 | Название: Nasim
2020-11-10 03:08:04,390 - load_items.handle - DEBUG - Создан товар Артикул ПТ111 | Название: Xandra
2020-11-10 03:08:04,482 - load_items.handle - DEBUG - Создан товар Артикул ПТ112 | Название: Rajah
2020-11-10 03:08:04,589 - load_items.handle - DEBUG - Создан товар Артикул ПТ113 | Название: Mary
2020-11-10 03:08:04,706 - load_items.handle - DEBUG - Создан товар Артикул ПТ114 | Название: Gillian
2020-11-10 03:08:04,707 - load_items.handle - ERROR - UNIQUE constraint failed: main_item.title --- ['115', 'Dorian', '3201']
2020-11-10 03:08:04,805 - load_items.handle - DEBUG - Создан товар Артикул ПТ116 | Название: Mallory
2020-11-10 03:08:04,897 - load_items.handle - DEBUG - Создан товар Артикул ПТ117 | Название: Marvin
